Arguments: 
  /usr/bin/node /usr/share/yarn/bin/yarn.js install

PATH: 
  ./bin:./node_modules/.bin:/anaconda3/bin:/home/sarah/anaconda3/bin:/home/sarah/.rbenv/shims:/home/sarah/.rbenv/bin:/usr/local/sbin:/usr/local/bin:/usr/sbin:/usr/bin:/sbin:/bin:/usr/games:/usr/local/games:/mnt/c/Program Files (x86)/Intel/iCLS Client/:/mnt/c/Program Files/Intel/iCLS Client/:/mnt/c/WINDOWS/system32:/mnt/c/WINDOWS:/mnt/c/WINDOWS/System32/Wbem:/mnt/c/WINDOWS/System32/WindowsPowerShell/v1.0/:/mnt/c/Program Files (x86)/Intel/Intel(R) Management Engine Components/DAL:/mnt/c/Program Files/Intel/Intel(R) Management Engine Components/DAL:/mnt/c/Program Files (x86)/Intel/Intel(R) Management Engine Components/IPT:/mnt/c/Program Files/Intel/Intel(R) Management Engine Components/IPT:/mnt/c/Program Files/Microsoft SQL Server/Client SDK/ODBC/130/Tools/Binn/:/mnt/c/Program Files (x86)/Microsoft SQL Server/140/Tools/Binn/:/mnt/c/Program Files/Microsoft SQL Server/140/Tools/Binn/:/mnt/c/Program Files/Microsoft SQL Server/140/DTS/Binn/:/mnt/c/Program Files (x86)/Microsoft SQL Server/Client SDK/ODBC/130/Tools/Binn/:/mnt/c/Program Files (x86)/Microsoft SQL Server/140/DTS/Binn/:/mnt/c/Program Files (x86)/Microsoft SQL Server/140/Tools/Binn/ManagementStudio/:/mnt/c/WINDOWS/System32/OpenSSH/:/mnt/c/Program Files/Git/cmd:/mnt/c/Ruby26-x64/bin:/mnt/c/Users/Sarah/AppData/Local/Microsoft/WindowsApps:/mnt/c/Users/Sarah/AppData/Local/GitHubDesktop/bin:/usr/local/sbin

Yarn version: 
  1.21.1

Node version: 
  10.17.0

Platform: 
  linux x64

Trace: 
  SyntaxError: /home/sarah/code/sarahs833/drum-vanilla-js/package.json: Unexpected token : in JSON at position 9
      at JSON.parse (<anonymous>)
      at /usr/share/yarn/lib/cli.js:1625:59
      at Generator.next (<anonymous>)
      at step (/usr/share/yarn/lib/cli.js:310:30)
      at /usr/share/yarn/lib/cli.js:321:13

npm manifest: 
  "scripts": {
      "start": "webpack-dev-server --mode development",
      "lint": "eslint './src/**/*.js' './src/**/*.jsx'",
      "deploy": "webpack -p && gh-pages -d dist"
    }

yarn manifest: 
  No manifest

Lockfile: 
  # THIS IS AN AUTOGENERATED FILE. DO NOT EDIT THIS FILE DIRECTLY.
  # yarn lockfile v1
